C:\Users\pc\Desktop\Tramites 2026\ENERO\JASON ANTONIO COREA BRAVO\JASON ANTONIO COREA BRAVO.dwg,LAMINA DE TRABAJO,09/01/2026 8:52:42,pc,HP Smart Tank 580-590 series,Oficio,1:25.4,
C:\Users\pc\Desktop\Tramites 2026\ENERO\JASON ANTONIO COREA BRAVO\JASON ANTONIO COREA BRAVO.dwg,LAMINA DE TRABAJO,09/01/2026 8:53:08,pc,HP Smart Tank 580-590 series,Oficio,1:25.4,
C:\Users\pc\Desktop\Tramites 2026\ENERO\JASON ANTONIO COREA BRAVO\JASON ANTONIO COREA BRAVO.dwg,LAMINA DE TRABAJO,09/01/2026 8:53:53,pc,HP Smart Tank 580-590 series,Oficio,1:25.4,
C:\Users\pc\Desktop\Tramites 2026\ENERO\JULIO CESAR ACUŃA MOLINA\JULIO CESAR ACUŃA MOLINA.dwg,LAMINA DE TRABAJO,09/01/2026 9:04:04,pc,HP Smart Tank 580-590 series,Oficio,1:25.4,
C:\Users\pc\Desktop\Tramites 2026\ENERO\JULIO CESAR ACUŃA MOLINA\JULIO CESAR ACUŃA MOLINA.dwg,LAMINA DE TRABAJO,09/01/2026 9:04:39,pc,HP Smart Tank 580-590 series,Oficio,1:25.4,
C:\Users\pc\Desktop\Tramites 2026\ENERO\JULIO CESAR ACUŃA MOLINA\JULIO CESAR ACUŃA MOLINA.dwg,LAMINA DE TRABAJO,09/01/2026 9:08:08,pc,HP Smart Tank 580-590 series,Oficio,1:25.4,
E:\OSCAR DANILO SANCHEZ DAVILA\OSCAR DANILO SANCHEZ DAVILA.dwg,LAMINA DE TRABAJO,09/01/2026 9:22:57,pc,HP Smart Tank 580-590 series,Oficio,1:25.4,
E:\OSCAR DANILO SANCHEZ DAVILA\OSCAR DANILO SANCHEZ DAVILA.dwg,LAMINA DE TRABAJO,09/01/2026 9:23:27,pc,HP Smart Tank 580-590 series,Oficio,1:25.4,
E:\OSCAR DANILO SANCHEZ DAVILA\OSCAR DANILO SANCHEZ DAVILA.dwg,LAMINA DE TRABAJO,09/01/2026 9:23:52,pc,HP Smart Tank 580-590 series,Oficio,1:25.4,
C:\Users\pc\Desktop\Tramites 2026\ENERO\JAY SNYDER\CONDOMINIO\DONALD JAY SNYDER.dwg,LAMINA DE TRABAJO,09/01/2026 9:34:24,pc,HP Smart Tank 580-590 series,Oficio,1:25.4,
C:\Users\pc\Desktop\Tramites 2026\ENERO\JAY SNYDER\CONDOMINIO\DONALD JAY SNYDER.dwg,LAMINA DE TRABAJO,09/01/2026 9:34:48,pc,HP Smart Tank 580-590 series,Oficio,1:25.4,
C:\Users\pc\Desktop\Tramites 2026\ENERO\JAY SNYDER\CONDOMINIO\DONALD JAY SNYDER.dwg,LAMINA DE TRABAJO,09/01/2026 9:35:17,pc,HP Smart Tank 580-590 series,Oficio,1:25.4,
C:\Users\pc\Desktop\Tramites 2026\ENERO\FREDERICK MARCELO ALGUERA PEREZ\FREDERICK MARCELO ALGUERA PEREZ.dwg,LAMINA DE TRABAJO,09/01/2026 9:48:56,pc,HP Smart Tank 580-590 series,Oficio,1:25.4,
C:\Users\pc\Desktop\Tramites 2026\ENERO\FREDERICK MARCELO ALGUERA PEREZ\FREDERICK MARCELO ALGUERA PEREZ.dwg,LAMINA DE TRABAJO,09/01/2026 9:49:29,pc,HP Smart Tank 580-590 series,Oficio,1:25.4,
C:\Users\pc\Desktop\Tramites 2026\ENERO\FREDERICK MARCELO ALGUERA PEREZ\FREDERICK MARCELO ALGUERA PEREZ.dwg,LAMINA DE TRABAJO,09/01/2026 9:50:22,pc,HP Smart Tank 580-590 series,Oficio,1:25.4,
C:\Users\pc\Desktop\Tramites 2026\ENERO\FREDERICK MARCELO ALGUERA PEREZ\FREDERICK MARCELO ALGUERA PEREZ.dwg,LAMINA DE TRABAJO,09/01/2026 9:54:43,pc,HP Smart Tank 580-590 series,Oficio,1:25.4,
C:\Users\pc\Desktop\Tramites 2026\ENERO\FREDERICK MARCELO ALGUERA PEREZ\FREDERICK MARCELO ALGUERA PEREZ.dwg,LAMINA DE TRABAJO,09/01/2026 10:15:50,pc,HP Smart Tank 580-590 series,Oficio,1:25.4,
C:\Users\pc\Desktop\Tramites 2026\ENERO\FAMILA SANDIGO\casa de esquina\casa de esquina.dwg,LAMINA DE TRABAJO,09/01/2026 10:30:54,pc,HP Smart Tank 580-590 series,Oficio,1:25.4,
C:\Users\pc\Desktop\Tramites 2026\ENERO\FAMILA SANDIGO\casa de esquina\casa de esquina.dwg,LAMINA DE TRABAJO,09/01/2026 10:31:35,pc,HP Smart Tank 580-590 series,Oficio,1:25.4,
C:\Users\pc\Desktop\Tramites 2026\ENERO\FAMILA SANDIGO\casa de esquina\casa de esquina.dwg,LAMINA DE TRABAJO,09/01/2026 10:45:36,pc,HP Smart Tank 580-590 series,Oficio,1:25.4,
C:\Users\pc\Desktop\Tramites 2026\ENERO\FAMILA SANDIGO\casa de esquina\casa de esquina.dwg,LAMINA DE TRABAJO,09/01/2026 10:46:55,pc,HP Smart Tank 580-590 series,Oficio,1:25.4,
C:\Users\pc\Desktop\Tramites 2026\ENERO\FAMILA SANDIGO\casa de esquina\casa de esquina.dwg,LAMINA DE TRABAJO,09/01/2026 10:48:04,pc,HP Smart Tank 580-590 series,Oficio,1:25.4,
C:\Users\pc\Desktop\Tramites 2026\ENERO\FAMILA SANDIGO\casa de venta\casa de venta.dwg,LAMINA DE TRABAJO,09/01/2026 10:53:02,pc,HP Smart Tank 580-590 series,Oficio,1:25.4,
C:\Users\pc\Desktop\Tramites 2026\ENERO\FAMILA SANDIGO\casa de venta\casa de venta.dwg,LAMINA DE TRABAJO,09/01/2026 10:53:32,pc,HP Smart Tank 580-590 series,Oficio,1:25.4,
C:\Users\pc\Desktop\Tramites 2026\ENERO\FAMILA SANDIGO\patio y garage\patio y garage.dwg,LAMINA DE TRABAJO,09/01/2026 11:02:10,pc,HP Smart Tank 580-590 series,Oficio,1:25.4,
C:\Users\pc\Desktop\Tramites 2026\ENERO\FAMILA SANDIGO\patio y garage\patio y garage.dwg,LAMINA DE TRABAJO,09/01/2026 11:04:34,pc,HP Smart Tank 580-590 series,Oficio,1:25.4,
C:\Users\pc\Desktop\Tramites 2026\ENERO\FAMILA SANDIGO\patio y garage\patio y garage.dwg,LAMINA DE TRABAJO,09/01/2026 11:06:40,pc,HP Smart Tank 580-590 series,Oficio,1:25.4,
C:\Users\pc\Desktop\Tramites 2026\ENERO\FAMILA SANDIGO\ESQUINA DE PIEDRA\ESQUINA DE PIEDRA.dwg,LAMINA DE TRABAJO,09/01/2026 11:16:54,pc,HP Smart Tank 580-590 series,Oficio,1:25.4,
C:\Users\pc\Desktop\Tramites 2026\ENERO\FAMILA SANDIGO\ESQUINA DE PIEDRA\ESQUINA DE PIEDRA.dwg,LAMINA DE TRABAJO,09/01/2026 11:17:20,pc,HP Smart Tank 580-590 series,Oficio,1:25.4,
C:\Users\pc\Desktop\Tramites 2026\ENERO\FAMILA SANDIGO\CASA ROSADA\CASA ROSADA.dwg,LAMINA DE TRABAJO,09/01/2026 11:32:36,pc,HP Smart Tank 580-590 series,Oficio,1:25.4,
C:\Users\pc\Desktop\Tramites 2026\ENERO\FAMILA SANDIGO\CASA ROSADA\CASA ROSADA.dwg,LAMINA DE TRABAJO,09/01/2026 11:33:18,pc,HP Smart Tank 580-590 series,Oficio,1:25.4,
C:\Users\pc\Desktop\Tramites 2026\ENERO\FAMILA SANDIGO\CASA ROSADA\CASA ROSADA.dwg,LAMINA DE TRABAJO,09/01/2026 11:33:39,pc,HP Smart Tank 580-590 series,Oficio,1:25.4,
C:\Users\pc\Desktop\Tramites 2026\ENERO\FAMILA SANDIGO\CASA DIRIOMO\CASA DE DIRIOMO.dwg,LAMINA DE TRABAJO,09/01/2026 11:42:45,pc,HP Smart Tank 580-590 series,Oficio,1:25.4,
C:\Users\pc\Desktop\Tramites 2026\ENERO\FAMILA SANDIGO\CASA DIRIOMO\CASA DE DIRIOMO.dwg,LAMINA DE TRABAJO,09/01/2026 11:43:48,pc,HP Smart Tank 580-590 series,Oficio,1:25.4,
C:\Users\pc\Desktop\Tramites 2026\ENERO\FAMILA SANDIGO\PLANO DE 6 Y 12\PLANO DE 0.5 MNZ.dwg,LAMINA DE TRABAJO,09/01/2026 11:50:36,pc,HP Smart Tank 580-590 series,Oficio,1:25.4,
C:\Users\pc\Desktop\Tramites 2026\ENERO\FAMILA SANDIGO\PLANO DE 6 Y 12\PLANO DE 0.5 MNZ.dwg,LAMINA DE TRABAJO,09/01/2026 11:51:21,pc,HP Smart Tank 580-590 series,Oficio,1:25.4,
C:\Users\pc\Desktop\Tramites 2026\ENERO\FAMILA SANDIGO\PLANO 6 M\PLANO DE 6 MNZ.dwg,LAMINA DE TRABAJO,09/01/2026 12:04:51,pc,HP Smart Tank 580-590 series,Oficio,1:25.4,
C:\Users\pc\Desktop\Tramites 2026\ENERO\FAMILA SANDIGO\PLANO 6 M\PLANO DE 6 MNZ.dwg,LAMINA DE TRABAJO,09/01/2026 12:07:23,pc,HP Smart Tank 580-590 series,Oficio,1:25.4,
C:\Users\pc\Desktop\Tramites 2026\ENERO\FAMILA SANDIGO\casa de esquina\casa de esquina.dwg,LAMINA DE TRABAJO,09/01/2026 12:24:51,pc,HP Smart Tank 580-590 series,Oficio,1:25.4,
C:\Users\pc\Desktop\Tramites 2026\ENERO\FAMILA SANDIGO\casa de esquina\casa de esquina.dwg,LAMINA DE TRABAJO,09/01/2026 12:25:14,pc,HP Smart Tank 580-590 series,Oficio,1:25.4,
