C:\Users\Topografia\Desktop\TRABAJOS DEL 2025\NOVIEMBRE\BECKLIN\PLANO TOPOGRĮFICO BECKLIN.dwg,Model,19/11/2025 14:58:25,Topografia,DWG To PDF.pc3,ISO A2 (420.00 x 594.00 MM),1:1.06071,
C:\Users\Topografia\Desktop\TRABAJOS DEL 2025\NOVIEMBRE\BECKLIN\PLANO TOPOGRĮFICO BECKLIN.dwg,Model,19/11/2025 14:59:07,Topografia,DWG To PDF.pc3,ISO A2 (420.00 x 594.00 MM),1:1.06071,
C:\Users\Topografia\Desktop\TRABAJOS DEL 2025\NOVIEMBRE\BECKLIN\PLANO TOPOGRĮFICO BECKLIN.dwg,Model,19/11/2025 14:59:41,Topografia,DWG To PDF.pc3,ISO A2 (420.00 x 594.00 MM),1:1.06071,
C:\Users\Topografia\Desktop\TRABAJOS DEL 2025\NOVIEMBRE\BECKLIN\PLANO TOPOGRĮFICO BECKLIN.dwg,Model,19/11/2025 15:00:22,Topografia,DWG To PDF.pc3,ISO A2 (420.00 x 594.00 MM),1:1.06071,
C:\Users\Topografia\Desktop\TRABAJOS DEL 2025\NOVIEMBRE\BECKLIN\PLANO TOPOGRĮFICO BECKLIN.dwg,Model,19/11/2025 15:00:54,Topografia,DWG To PDF.pc3,ISO A2 (420.00 x 594.00 MM),1:1.06071,
C:\Users\Topografia\Desktop\TRABAJOS DEL 2025\NOVIEMBRE\BECKLIN\PLANO TOPOGRĮFICO BECKLIN.dwg,Model,19/11/2025 15:01:17,Topografia,DWG To PDF.pc3,ISO A2 (420.00 x 594.00 MM),1:1.06071,
C:\Users\Topografia\Desktop\TRABAJOS DEL 2025\NOVIEMBRE\BECKLIN\PLANO TOPOGRĮFICO BECKLIN.dwg,Model,19/11/2025 15:07:06,Topografia,DWG To PDF.pc3,ISO A2 (420.00 x 594.00 MM),1:1.06071,
C:\Users\Topografia\Desktop\TRABAJOS DEL 2025\NOVIEMBRE\BECKLIN\PLANO TOPOGRĮFICO BECKLIN.dwg,Model,19/11/2025 15:16:14,Topografia,DWG To PDF.pc3,ISO A2 (420.00 x 594.00 MM),1:1.06071,
C:\Users\Topografia\Desktop\TRABAJOS DEL 2025\NOVIEMBRE\BECKLIN\PLANO TOPOGRĮFICO BECKLIN.dwg,Model,19/11/2025 15:45:22,Topografia,DWG To PDF.pc3,ISO A2 (420.00 x 594.00 MM),1:1.06071,
C:\Users\Topografia\Desktop\TRABAJOS DEL 2025\NOVIEMBRE\BECKLIN\PLANO TOPOGRĮFICO BECKLIN.dwg,Model,19/11/2025 15:46:29,Topografia,DWG To PDF.pc3,ISO A2 (420.00 x 594.00 MM),1:1.06071,
C:\Users\Topografia\Desktop\TRABAJOS DEL 2025\NOVIEMBRE\BECKLIN\PLANO TOPOGRĮFICO BECKLIN.dwg,Model,19/11/2025 15:53:28,Topografia,DWG To PDF.pc3,ISO A2 (420.00 x 594.00 MM),1:1.06071,
C:\Users\Topografia\Desktop\TRABAJOS DEL 2025\NOVIEMBRE\BECKLIN\PLANO TOPOGRĮFICO BECKLIN.dwg,Model,19/11/2025 16:11:17,Topografia,DWG To PDF.pc3,ISO A2 (420.00 x 594.00 MM),1:1.06071,
C:\Users\Topografia\Desktop\TRABAJOS DEL 2025\NOVIEMBRE\BECKLIN\PLANO TOPOGRĮFICO BECKLIN.dwg,Model,19/11/2025 16:16:15,Topografia,DWG To PDF.pc3,ISO A2 (420.00 x 594.00 MM),1:1.06071,
C:\Users\Topografia\Desktop\TRABAJOS DEL 2025\NOVIEMBRE\BECKLIN\PLANO TOPOGRĮFICO BECKLIN.dwg,Model,19/11/2025 16:46:21,Topografia,DWG To PDF.pc3,ISO A2 (420.00 x 594.00 MM),1:1.06071,
C:\Users\Topografia\Desktop\TRABAJOS DEL 2025\NOVIEMBRE\BECKLIN\PLANO TOPOGRĮFICO BECKLIN.dwg,Model,19/11/2025 17:15:08,Topografia,DWG To PDF.pc3,ISO A2 (420.00 x 594.00 MM),1:1.06071,
C:\Users\Topografia\Desktop\TRABAJOS DEL 2025\NOVIEMBRE\PLANOS\BECKLIN\PLANO TOPOGRĮFICO BECKLIN.dwg,Model,20/11/2025 08:32:17,Topografia,DWG To PDF.pc3,ISO A2 (420.00 x 594.00 MM),1:1.06071,
C:\Users\Topografia\Desktop\TRABAJOS DEL 2025\NOVIEMBRE\PLANOS\BECKLIN\PLANO TOPOGRĮFICO BECKLIN.dwg,Model,20/11/2025 09:12:22,Topografia,DWG To PDF.pc3,ISO A2 (420.00 x 594.00 MM),1:1.06071,
C:\Users\Topografia\Desktop\TRABAJOS DEL 2025\NOVIEMBRE\PLANOS\BECKLIN\PLANO TOPOGRĮFICO BECKLIN.dwg,Model,20/11/2025 09:14:21,Topografia,DWG To PDF.pc3,ISO A2 (420.00 x 594.00 MM),1:1.06071,
C:\Users\Topografia\Desktop\TRABAJOS DEL 2025\SEPTIEMBRE\PLANOS\LIGIA MARIA FLORES QUIROZ\LIGIA MARIA FLORES QUIROZ.dwg,LAMINA DE TRABAJO,20/11/2025 09:57:29,Topografia,HP Smart Tank 580-590 series,Oficio,1:25.4,
C:\Users\Topografia\Desktop\TRABAJOS DEL 2025\SEPTIEMBRE\PLANOS\LIGIA MARIA FLORES QUIROZ\LIGIA MARIA FLORES QUIROZ.dwg,LAMINA DE TRABAJO,20/11/2025 09:57:49,Topografia,HP92CB27 (HP Smart Tank 580-590 series),Oficio,1:25.4,
C:\Users\Topografia\Desktop\TRABAJOS DEL 2025\SEPTIEMBRE\PLANOS\LIGIA MARIA FLORES QUIROZ\LIGIA MARIA FLORES QUIROZ.dwg,LAMINA DE TRABAJO,20/11/2025 09:58:09,Topografia,HP Smart Tank 580-590 series,Oficio,1:25.4,
C:\Users\Topografia\Desktop\TRABAJOS DEL 2025\SEPTIEMBRE\PLANOS\LIGIA MARIA FLORES QUIROZ\LIGIA MARIA FLORES QUIROZ.dwg,LAMINA DE TRABAJO,20/11/2025 09:59:44,Topografia,HP92CB27 (HP Smart Tank 580-590 series),Oficio,1:25.4,
C:\Users\Topografia\Desktop\TRABAJOS DEL 2025\NOVIEMBRE\PLANOS\BECKLIN\PLANO TOPOGRĮFICO BECKLIN.dwg,Model,20/11/2025 10:24:58,Topografia,DWG To PDF.pc3,ISO A2 (420.00 x 594.00 MM),1:1.06071,
C:\Users\Topografia\Desktop\TRABAJOS DEL 2025\NOVIEMBRE\PLANOS\BECKLIN\PLANO TOPOGRĮFICO BECKLIN.dwg,Model,20/11/2025 10:43:43,Topografia,DWG To PDF.pc3,ISO A2 (420.00 x 594.00 MM),1:1.06071,
C:\Users\Topografia\Desktop\TRABAJOS DEL 2025\NOVIEMBRE\PLANOS\BECKLIN\PLANO TOPOGRĮFICO BECKLIN.dwg,Model,20/11/2025 10:45:25,Topografia,DWG To PDF.pc3,ISO A2 (420.00 x 594.00 MM),1:1.06071,
C:\Users\Topografia\Desktop\TRABAJOS DEL 2025\NOVIEMBRE\PLANOS\BECKLIN\PLANO TOPOGRĮFICO BECKLIN.dwg,Model,20/11/2025 11:17:00,Topografia,DWG To PDF.pc3,ISO A2 (420.00 x 594.00 MM),1:1.06071,
C:\Users\Topografia\Desktop\TRABAJOS DEL 2025\NOVIEMBRE\PLANOS\BECKLIN\PLANO TOPOGRĮFICO BECKLIN.dwg,Model,20/11/2025 11:53:33,Topografia,DWG To PDF.pc3,ISO A2 (420.00 x 594.00 MM),1:1.06071,
C:\Users\Topografia\Desktop\TRABAJOS DEL 2025\NOVIEMBRE\PLANOS\BECKLIN\PLANO TOPOGRĮFICO BECKLIN.dwg,Model,20/11/2025 11:54:40,Topografia,DWG To PDF.pc3,ISO A2 (420.00 x 594.00 MM),1:1.06071,
C:\Users\Topografia\Desktop\TRABAJOS DEL 2025\NOVIEMBRE\PLANOS\BECKLIN\PLANO TOPOGRĮFICO BECKLIN.dwg,Model,20/11/2025 12:14:09,Topografia,DWG To PDF.pc3,ISO A2 (420.00 x 594.00 MM),1:1.06071,
C:\Users\Topografia\Desktop\TRABAJOS DEL 2025\NOVIEMBRE\PLANOS\BECKLIN\PLANO TOPOGRĮFICO BECKLIN.dwg,Model,20/11/2025 12:14:44,Topografia,DWG To PDF.pc3,ISO A2 (420.00 x 594.00 MM),1:1.06071,
C:\Users\Topografia\Desktop\TRABAJOS DEL 2025\NOVIEMBRE\PLANOS\BECKLIN\PLANO TOPOGRĮFICO BECKLIN.dwg,Model,20/11/2025 13:08:59,Topografia,DWG To PDF.pc3,ISO A2 (420.00 x 594.00 MM),1:1.06071,
C:\Users\Topografia\Desktop\TRABAJOS DEL 2025\NOVIEMBRE\PLANOS\BECKLIN\PLANO TOPOGRĮFICO BECKLIN.dwg,Model,20/11/2025 13:20:45,Topografia,DWG To PDF.pc3,ISO A2 (420.00 x 594.00 MM),1:1.06071,
C:\Users\Topografia\Desktop\TRABAJOS DEL 2025\NOVIEMBRE\PLANOS\BECKLIN\PLANO TOPOGRĮFICO BECKLIN.dwg,Model,20/11/2025 13:43:43,Topografia,DWG To PDF.pc3,ISO A2 (420.00 x 594.00 MM),1:1.06071,
C:\Users\Topografia\Desktop\TRABAJOS DEL 2025\NOVIEMBRE\PLANOS\BECKLIN\PLANO TOPOGRĮFICO BECKLIN.dwg,Model,20/11/2025 14:20:25,Topografia,DWG To PDF.pc3,ISO A2 (420.00 x 594.00 MM),1:1.06071,
C:\Users\Topografia\Desktop\TRABAJOS DEL 2025\NOVIEMBRE\PLANOS\BECKLIN\PLANO TOPOGRĮFICO BECKLIN.dwg,Model,20/11/2025 15:19:15,Topografia,DWG To PDF.pc3,ISO A2 (420.00 x 594.00 MM),1:1.06071,
C:\Users\Topografia\Desktop\TRABAJOS DEL 2025\NOVIEMBRE\PLANOS\BECKLIN\PLANO TOPOGRĮFICO BECKLIN.dwg,Model,20/11/2025 15:19:55,Topografia,DWG To PDF.pc3,ISO A2 (420.00 x 594.00 MM),1:1.06071,
C:\Users\Topografia\Desktop\TRABAJOS DEL 2025\NOVIEMBRE\PLANOS\BECKLIN\PLANO TOPOGRĮFICO BECKLIN.dwg,Model,20/11/2025 15:20:53,Topografia,DWG To PDF.pc3,ISO A2 (420.00 x 594.00 MM),1:1.06071,
C:\Users\Topografia\Desktop\TRABAJOS DEL 2025\NOVIEMBRE\PLANOS\LUIS ALEXIS CENTENO BERROTERAN Y OTROS\VILMA CENTENO DESMEMBRACIONES.dwg,LAMINA DE TRABAJO,20/11/2025 15:32:49,Topografia,HP92CB27 (HP Smart Tank 580-590 series),Oficio,1:25.4,
C:\Users\Topografia\Desktop\TRABAJOS DEL 2025\NOVIEMBRE\PLANOS\LUIS ALEXIS CENTENO BERROTERAN Y OTROS\VILMA CENTENO DESMEMBRACIONES.dwg,LAMINA DE TRABAJO,20/11/2025 15:33:15,Topografia,HP92CB27 (HP Smart Tank 580-590 series),Oficio,1:25.4,
C:\Users\Topografia\Desktop\TRABAJOS DEL 2025\NOVIEMBRE\PLANOS\BECKLIN\PLANO TOPOGRĮFICO BECKLIN.dwg,Model,20/11/2025 15:40:28,Topografia,DWG To PDF.pc3,ISO A2 (420.00 x 594.00 MM),1:1.06071,
C:\Users\Topografia\Desktop\TRABAJOS DEL 2025\NOVIEMBRE\PLANOS\BECKLIN\PLANO TOPOGRĮFICO BECKLIN.dwg,Model,20/11/2025 15:41:16,Topografia,DWG To PDF.pc3,ISO A2 (420.00 x 594.00 MM),1:1.06071,
C:\Users\Topografia\Desktop\TRABAJOS DEL 2025\NOVIEMBRE\PLANOS\BECKLIN\PLANO TOPOGRĮFICO BECKLIN.dwg,Model,20/11/2025 15:43:59,Topografia,DWG To PDF.pc3,ISO A2 (420.00 x 594.00 MM),1:1.06071,
C:\Users\Topografia\Desktop\TRABAJOS DEL 2025\NOVIEMBRE\PLANOS\BECKLIN\PLANO TOPOGRĮFICO BECKLIN.dwg,Model,20/11/2025 15:44:53,Topografia,DWG To PDF.pc3,ISO A2 (420.00 x 594.00 MM),1:1.06071,
